TN:
SF:src/app.js
FN:29,(anonymous_0)
FN:30,(anonymous_1)
FN:72,(anonymous_2)
FN:87,(anonymous_3)
FNF:4
FNH:3
FNDA:93,(anonymous_0)
FNDA:93,(anonymous_1)
FNDA:1,(anonymous_2)
FNDA:0,(anonymous_3)
DA:14,4
DA:17,4
DA:20,4
DA:21,0
DA:29,4
DA:30,93
DA:31,93
DA:32,0
DA:33,0
DA:34,0
DA:36,0
DA:41,93
DA:42,93
DA:46,4
DA:47,4
DA:50,4
DA:72,4
DA:73,1
DA:74,1
DA:83,4
DA:87,4
DA:90,4
DA:91,4
DA:92,4
DA:93,4
DA:96,4
LF:26
LH:21
BRDA:20,0,0,0
BRDA:20,0,1,4
BRDA:31,1,0,0
BRDA:31,1,1,93
BRDA:31,2,0,93
BRDA:31,2,1,0
BRDA:33,3,0,0
BRDA:33,3,1,0
BRDA:33,4,0,0
BRDA:33,4,1,0
BRDA:73,5,0,1
BRDA:73,5,1,0
BRF:12
BRH:4
end_of_record
TN:
SF:src/controllers/client.controller.js
FN:10,(anonymous_0)
FN:19,(anonymous_1)
FN:41,(anonymous_2)
FN:50,(anonymous_3)
FN:59,(anonymous_4)
FN:70,(anonymous_5)
FN:93,(anonymous_6)
FN:113,(anonymous_7)
FNF:8
FNH:8
FNDA:6,(anonymous_0)
FNDA:3,(anonymous_1)
FNDA:5,(anonymous_2)
FNDA:1,(anonymous_3)
FNDA:2,(anonymous_4)
FNDA:3,(anonymous_5)
FNDA:2,(anonymous_6)
FNDA:1,(anonymous_7)
DA:7,4
DA:10,4
DA:11,6
DA:12,6
DA:13,1
DA:15,6
DA:19,4
DA:20,3
DA:21,3
DA:22,1
DA:26,2
DA:27,2
DA:28,1
DA:31,1
DA:37,1
DA:41,4
DA:42,5
DA:43,5
DA:44,5
DA:45,5
DA:46,5
DA:50,4
DA:51,1
DA:52,1
DA:53,1
DA:54,1
DA:55,1
DA:59,4
DA:60,2
DA:65,1
DA:66,0
DA:70,4
DA:71,3
DA:76,3
DA:78,2
DA:79,1
DA:84,1
DA:87,1
DA:88,1
DA:89,1
DA:93,4
DA:94,2
DA:95,2
DA:100,2
DA:102,2
DA:103,1
DA:104,1
DA:105,1
DA:108,1
DA:109,1
DA:113,4
DA:114,1
DA:119,1
DA:121,1
DA:122,1
DA:123,1
LF:56
LH:55
BRDA:12,0,0,1
BRDA:12,0,1,5
BRDA:21,1,0,1
BRDA:21,1,1,2
BRDA:27,2,0,1
BRDA:27,2,1,1
BRDA:65,3,0,1
BRDA:65,3,1,0
BRDA:76,4,0,1
BRDA:76,4,1,2
BRDA:78,5,0,1
BRDA:78,5,1,1
BRDA:78,6,0,2
BRDA:78,6,1,1
BRDA:84,7,0,1
BRDA:84,7,1,0
BRDA:100,8,0,0
BRDA:100,8,1,2
BRDA:102,9,0,1
BRDA:102,9,1,1
BRDA:119,10,0,0
BRDA:119,10,1,1
BRF:22
BRH:18
end_of_record
TN:
SF:src/controllers/deliverynote.controller.js
FN:14,(anonymous_0)
FN:20,(anonymous_1)
FN:27,(anonymous_2)
FN:36,(anonymous_3)
FN:53,(anonymous_4)
FN:77,(anonymous_5)
FN:86,(anonymous_6)
FN:101,(anonymous_7)
FN:131,(anonymous_8)
FN:155,(anonymous_9)
FN:222,(anonymous_10)
FNF:11
FNH:11
FNDA:3,(anonymous_0)
FNDA:3,(anonymous_1)
FNDA:4,(anonymous_2)
FNDA:4,(anonymous_3)
FNDA:3,(anonymous_4)
FNDA:4,(anonymous_5)
FNDA:3,(anonymous_6)
FNDA:2,(anonymous_7)
FNDA:4,(anonymous_8)
FNDA:3,(anonymous_9)
FNDA:2,(anonymous_10)
DA:12,4
DA:14,4
DA:15,3
DA:16,3
DA:17,3
DA:20,4
DA:21,3
DA:22,3
DA:23,3
DA:27,4
DA:28,4
DA:29,4
DA:30,4
DA:31,0
DA:36,4
DA:37,4
DA:38,4
DA:39,4
DA:40,4
DA:41,4
DA:42,1
DA:44,4
DA:45,1
DA:46,1
DA:47,1
DA:49,4
DA:53,4
DA:54,3
DA:55,3
DA:56,0
DA:59,3
DA:60,3
DA:63,3
DA:64,1
DA:67,2
DA:73,2
DA:77,4
DA:78,4
DA:79,4
DA:80,4
DA:81,4
DA:82,4
DA:86,4
DA:87,3
DA:96,3
DA:97,1
DA:101,4
DA:102,2
DA:107,2
DA:110,2
DA:111,1
DA:114,1
DA:115,0
DA:117,1
DA:118,0
DA:119,0
DA:120,0
DA:121,0
DA:125,1
DA:126,1
DA:127,1
DA:131,4
DA:132,4
DA:133,4
DA:138,4
DA:140,4
DA:141,2
DA:144,2
DA:145,1
DA:146,1
DA:147,1
DA:150,1
DA:151,1
DA:155,4
DA:156,3
DA:157,1
DA:160,2
DA:165,2
DA:166,2
DA:168,2
DA:169,1
DA:174,1
DA:175,1
DA:180,0
DA:184,1
DA:185,1
DA:192,1
DA:193,1
DA:194,1
DA:197,1
DA:203,1
DA:212,1
DA:213,1
DA:214,1
DA:216,1
DA:218,1
DA:222,4
DA:223,2
DA:228,2
DA:229,2
DA:232,2
DA:233,1
DA:237,1
DA:243,1
DA:251,1
DA:252,1
DA:256,1
LF:107
LH:99
BRDA:16,0,0,0
BRDA:16,0,1,3
BRDA:22,1,0,0
BRDA:22,1,1,3
BRDA:28,2,0,4
BRDA:28,2,1,4
BRDA:30,3,0,0
BRDA:30,3,1,4
BRDA:30,4,0,4
BRDA:30,4,1,0
BRDA:38,5,0,1
BRDA:38,5,1,3
BRDA:39,6,0,0
BRDA:39,6,1,4
BRDA:40,7,0,0
BRDA:40,7,1,4
BRDA:41,8,0,1
BRDA:41,8,1,3
BRDA:44,9,0,1
BRDA:44,9,1,3
BRDA:44,10,0,4
BRDA:44,10,1,3
BRDA:46,11,0,1
BRDA:46,11,1,0
BRDA:47,12,0,1
BRDA:47,12,1,0
BRDA:55,13,0,0
BRDA:55,13,1,3
BRDA:63,14,0,1
BRDA:63,14,1,2
BRDA:96,15,0,2
BRDA:96,15,1,1
BRDA:107,16,0,0
BRDA:107,16,1,2
BRDA:110,17,0,1
BRDA:110,17,1,1
BRDA:114,18,0,0
BRDA:114,18,1,1
BRDA:117,19,0,0
BRDA:117,19,1,1
BRDA:119,20,0,0
BRDA:119,20,1,0
BRDA:120,21,0,0
BRDA:120,21,1,0
BRDA:138,22,0,0
BRDA:138,22,1,4
BRDA:140,23,0,2
BRDA:140,23,1,2
BRDA:144,24,0,1
BRDA:144,24,1,1
BRDA:156,25,0,1
BRDA:156,25,1,2
BRDA:165,26,0,0
BRDA:165,26,1,2
BRDA:168,27,0,1
BRDA:168,27,1,1
BRDA:228,28,0,0
BRDA:228,28,1,2
BRDA:232,29,0,1
BRDA:232,29,1,1
BRF:60
BRH:41
end_of_record
TN:
SF:src/controllers/project.controller.js
FN:10,(anonymous_0)
FN:17,(anonymous_1)
FN:28,(anonymous_2)
FN:54,(anonymous_3)
FN:63,(anonymous_4)
FN:72,(anonymous_5)
FN:83,(anonymous_6)
FN:110,(anonymous_7)
FN:130,(anonymous_8)
FNF:9
FNH:9
FNDA:3,(anonymous_0)
FNDA:5,(anonymous_1)
FNDA:3,(anonymous_2)
FNDA:4,(anonymous_3)
FNDA:1,(anonymous_4)
FNDA:1,(anonymous_5)
FNDA:2,(anonymous_6)
FNDA:2,(anonymous_7)
FNDA:1,(anonymous_8)
DA:7,4
DA:10,4
DA:11,3
DA:12,3
DA:13,2
DA:17,4
DA:18,5
DA:19,5
DA:20,5
DA:21,5
DA:22,1
DA:24,5
DA:28,4
DA:29,3
DA:30,3
DA:31,0
DA:34,3
DA:36,2
DA:40,2
DA:41,1
DA:44,1
DA:50,1
DA:54,4
DA:55,4
DA:56,4
DA:57,4
DA:58,4
DA:59,4
DA:63,4
DA:64,1
DA:65,1
DA:66,1
DA:67,1
DA:68,1
DA:72,4
DA:73,1
DA:78,1
DA:79,0
DA:83,4
DA:84,2
DA:89,2
DA:91,2
DA:92,0
DA:95,2
DA:96,1
DA:101,1
DA:104,1
DA:105,1
DA:106,1
DA:110,4
DA:111,2
DA:112,2
DA:117,2
DA:119,2
DA:120,1
DA:121,1
DA:122,1
DA:125,1
DA:126,1
DA:130,4
DA:131,1
DA:136,1
DA:138,1
DA:139,1
DA:140,1
LF:65
LH:62
BRDA:12,0,0,1
BRDA:12,0,1,2
BRDA:19,1,0,1
BRDA:19,1,1,4
BRDA:20,2,0,0
BRDA:20,2,1,5
BRDA:21,3,0,1
BRDA:21,3,1,4
BRDA:30,4,0,0
BRDA:30,4,1,3
BRDA:40,5,0,1
BRDA:40,5,1,1
BRDA:78,6,0,1
BRDA:78,6,1,0
BRDA:89,7,0,0
BRDA:89,7,1,2
BRDA:91,8,0,0
BRDA:91,8,1,2
BRDA:91,9,0,2
BRDA:91,9,1,0
BRDA:95,10,0,1
BRDA:95,10,1,1
BRDA:95,11,0,2
BRDA:95,11,1,1
BRDA:101,12,0,1
BRDA:101,12,1,0
BRDA:117,13,0,0
BRDA:117,13,1,2
BRDA:119,14,0,1
BRDA:119,14,1,1
BRDA:136,15,0,0
BRDA:136,15,1,1
BRF:32
BRH:23
end_of_record
TN:
SF:src/controllers/user.controller.js
FN:11,(anonymous_0)
FN:16,(anonymous_1)
FN:21,(anonymous_2)
FN:25,(anonymous_3)
FN:69,(anonymous_4)
FN:104,(anonymous_5)
FN:131,(anonymous_6)
FN:144,(anonymous_7)
FN:188,(anonymous_8)
FN:201,(anonymous_9)
FN:212,(anonymous_10)
FN:237,(anonymous_11)
FN:244,(anonymous_12)
FN:264,(anonymous_13)
FN:278,(anonymous_14)
FNF:15
FNH:14
FNDA:6,(anonymous_0)
FNDA:7,(anonymous_1)
FNDA:2,(anonymous_2)
FNDA:2,(anonymous_3)
FNDA:2,(anonymous_4)
FNDA:7,(anonymous_5)
FNDA:1,(anonymous_6)
FNDA:5,(anonymous_7)
FNDA:0,(anonymous_8)
FNDA:1,(anonymous_9)
FNDA:3,(anonymous_10)
FNDA:1,(anonymous_11)
FNDA:2,(anonymous_12)
FNDA:2,(anonymous_13)
FNDA:2,(anonymous_14)
DA:11,4
DA:12,6
DA:16,4
DA:17,7
DA:21,4
DA:22,2
DA:25,4
DA:26,2
DA:29,2
DA:30,2
DA:32,1
DA:33,1
DA:35,1
DA:37,1
DA:46,1
DA:47,1
DA:48,1
DA:49,1
DA:52,1
DA:55,1
DA:57,1
DA:69,4
DA:70,2
DA:71,2
DA:73,2
DA:74,0
DA:77,2
DA:78,0
DA:81,2
DA:82,1
DA:83,1
DA:85,1
DA:86,0
DA:89,1
DA:94,1
DA:95,1
DA:96,1
DA:98,1
DA:100,1
DA:104,4
DA:105,7
DA:107,7
DA:108,7
DA:110,5
DA:111,5
DA:113,4
DA:114,4
DA:116,4
DA:117,4
DA:119,4
DA:131,4
DA:132,1
DA:133,1
DA:135,1
DA:136,1
DA:137,1
DA:138,1
DA:140,1
DA:144,4
DA:145,5
DA:146,5
DA:150,5
DA:152,2
DA:153,1
DA:160,3
DA:169,4
DA:171,4
DA:173,1
DA:174,1
DA:175,1
DA:176,1
DA:180,3
DA:181,3
DA:182,3
DA:184,3
DA:188,4
DA:189,0
DA:191,0
DA:192,0
DA:194,0
DA:195,0
DA:197,0
DA:201,4
DA:203,1
DA:208,1
DA:212,4
DA:213,3
DA:216,3
DA:217,3
DA:219,1
DA:222,2
DA:223,2
DA:224,1
DA:228,1
DA:229,1
DA:230,1
DA:231,1
DA:233,1
DA:237,4
DA:238,1
DA:239,1
DA:240,1
DA:244,4
DA:245,2
DA:246,2
DA:248,2
DA:250,1
DA:251,1
DA:252,1
DA:253,1
DA:254,1
DA:258,1
DA:259,1
DA:260,1
DA:264,4
DA:265,2
DA:266,2
DA:268,2
DA:269,2
DA:271,1
DA:272,1
DA:274,1
DA:278,4
DA:279,2
DA:280,2
DA:282,2
DA:283,1
DA:287,1
DA:288,1
DA:289,1
DA:291,1
DA:304,1
DA:309,1
DA:311,1
LF:134
LH:125
BRDA:13,0,0,6
BRDA:13,0,1,0
BRDA:18,1,0,7
BRDA:18,1,1,0
BRDA:30,2,0,1
BRDA:30,2,1,1
BRDA:73,3,0,0
BRDA:73,3,1,2
BRDA:77,4,0,0
BRDA:77,4,1,2
BRDA:81,5,0,1
BRDA:81,5,1,1
BRDA:85,6,0,0
BRDA:85,6,1,1
BRDA:108,7,0,2
BRDA:108,7,1,5
BRDA:111,8,0,1
BRDA:111,8,1,4
BRDA:150,9,0,2
BRDA:150,9,1,3
BRDA:152,10,0,1
BRDA:152,10,1,1
BRDA:154,11,0,1
BRDA:154,11,1,0
BRDA:171,12,0,1
BRDA:171,12,1,3
BRDA:191,13,0,0
BRDA:191,13,1,0
BRDA:192,14,0,0
BRDA:192,14,1,0
BRDA:223,15,0,1
BRDA:223,15,1,1
BRDA:223,16,0,2
BRDA:223,16,1,2
BRDA:223,16,2,2
BRDA:248,17,0,1
BRDA:248,17,1,1
BRDA:269,18,0,1
BRDA:269,18,1,1
BRDA:282,19,0,1
BRDA:282,19,1,1
BRF:41
BRH:31
end_of_record
TN:
SF:src/middleware/auth.middleware.js
FN:6,(anonymous_0)
FNF:1
FNH:1
FNDA:78,(anonymous_0)
DA:6,4
DA:7,78
DA:8,78
DA:9,1
DA:12,77
DA:14,77
DA:16,75
DA:17,75
DA:18,0
DA:21,75
DA:22,75
LF:11
LH:10
BRDA:8,0,0,1
BRDA:8,0,1,77
BRDA:17,1,0,0
BRDA:17,1,1,75
BRDA:17,2,0,75
BRDA:17,2,1,75
BRF:6
BRH:5
end_of_record
TN:
SF:src/middleware/error-handler.js
FN:4,(anonymous_0)
FNF:1
FNH:1
FNDA:40,(anonymous_0)
DA:4,4
DA:6,40
DA:7,0
DA:8,0
DA:15,40
DA:16,1
DA:23,39
DA:24,1
DA:26,38
DA:27,1
DA:31,37
DA:32,37
DA:39,0
DA:40,0
LF:14
LH:10
BRDA:6,0,0,0
BRDA:6,0,1,40
BRDA:7,1,0,0
BRDA:7,1,1,0
BRDA:7,2,0,0
BRDA:7,2,1,0
BRDA:15,3,0,1
BRDA:15,3,1,39
BRDA:23,4,0,1
BRDA:23,4,1,38
BRDA:26,5,0,1
BRDA:26,5,1,37
BRDA:31,6,0,37
BRDA:31,6,1,0
BRF:14
BRH:8
end_of_record
TN:
SF:src/middleware/role.middleware.js
FN:7,(anonymous_0)
FN:7,(anonymous_1)
FNF:2
FNH:2
FNDA:4,(anonymous_0)
FNDA:3,(anonymous_1)
DA:7,4
DA:8,3
DA:9,3
DA:10,1
DA:12,2
LF:5
LH:5
BRDA:8,0,0,0
BRDA:8,0,1,3
BRDA:9,1,0,1
BRDA:9,1,1,2
BRF:4
BRH:3
end_of_record
TN:
SF:src/middleware/upload.js
FN:11,(anonymous_0)
FN:20,(anonymous_1)
FN:39,(anonymous_2)
FN:51,(anonymous_3)
FNF:4
FNH:2
FNDA:0,(anonymous_0)
FNDA:1,(anonymous_1)
FNDA:2,(anonymous_2)
FNDA:0,(anonymous_3)
DA:6,4
DA:9,4
DA:12,0
DA:13,0
DA:17,4
DA:21,1
DA:22,1
DA:24,0
DA:29,4
DA:36,4
DA:40,2
DA:41,0
DA:43,2
DA:48,4
DA:52,0
DA:53,0
DA:55,0
LF:17
LH:10
BRDA:21,0,0,1
BRDA:21,0,1,0
BRDA:40,1,0,0
BRDA:40,1,1,2
BRDA:52,2,0,0
BRDA:52,2,1,0
BRF:6
BRH:2
end_of_record
TN:
SF:src/middleware/validate.js
FN:10,(anonymous_0)
FN:10,(anonymous_1)
FN:14,(anonymous_2)
FNF:3
FNH:3
FNDA:56,(anonymous_0)
FNDA:47,(anonymous_1)
FNDA:8,(anonymous_2)
DA:10,56
DA:11,47
DA:12,47
DA:13,7
DA:14,8
DA:16,7
DA:18,40
DA:19,40
LF:8
LH:8
BRDA:12,0,0,7
BRDA:12,0,1,40
BRF:2
BRH:2
end_of_record
TN:
SF:src/models/Client.js
FNF:0
FNH:0
DA:4,5
DA:12,5
DA:32,5
DA:33,5
DA:35,5
LF:5
LH:5
BRF:0
BRH:0
end_of_record
TN:
SF:src/models/Company.js
FNF:0
FNH:0
DA:4,5
DA:12,5
DA:26,5
LF:3
LH:3
BRF:0
BRH:0
end_of_record
TN:
SF:src/models/DeliveryNote.js
FNF:0
FNH:0
DA:4,5
DA:9,5
DA:37,5
DA:38,5
DA:39,5
DA:41,5
LF:6
LH:6
BRF:0
BRH:0
end_of_record
TN:
SF:src/models/Project.js
FNF:0
FNH:0
DA:4,5
DA:12,5
DA:26,5
DA:27,5
DA:29,5
LF:5
LH:5
BRF:0
BRH:0
end_of_record
TN:
SF:src/models/User.js
FN:43,(anonymous_0)
FNF:1
FNH:1
FNDA:4,(anonymous_0)
DA:5,5
DA:13,5
DA:43,5
DA:44,4
DA:45,1
DA:49,5
DA:50,5
DA:51,5
DA:52,5
DA:54,5
LF:10
LH:10
BRDA:44,0,0,3
BRDA:44,0,1,1
BRDA:44,1,0,4
BRDA:44,1,1,4
BRDA:45,2,0,1
BRDA:45,2,1,0
BRF:6
BRH:5
end_of_record
TN:
SF:src/routes/client.routes.js
FNF:0
FNH:0
DA:19,4
DA:22,4
DA:40,4
DA:58,4
DA:85,4
DA:119,4
DA:178,4
DA:179,4
DA:180,4
LF:9
LH:9
BRF:0
BRH:0
end_of_record
TN:
SF:src/routes/deliverynote.routes.js
FNF:0
FNH:0
DA:20,4
DA:23,4
DA:89,4
DA:90,4
DA:112,4
DA:140,4
DA:190,4
DA:191,4
DA:192,4
LF:9
LH:9
BRF:0
BRH:0
end_of_record
TN:
SF:src/routes/project.routes.js
FNF:0
FNH:0
DA:19,4
DA:22,4
DA:40,4
DA:58,4
DA:86,4
DA:123,4
DA:182,4
DA:183,4
DA:184,4
LF:9
LH:9
BRF:0
BRH:0
end_of_record
TN:
SF:src/routes/user.routes.js
FNF:0
FNH:0
DA:32,4
DA:56,4
DA:80,4
DA:102,4
DA:124,4
DA:147,4
DA:172,4
DA:193,4
DA:209,4
DA:221,4
DA:237,4
DA:260,4
DA:284,4
LF:13
LH:13
BRF:0
BRH:0
end_of_record
TN:
SF:src/services/notification.service.js
FN:6,(anonymous_0)
FN:11,(anonymous_1)
FN:13,(anonymous_2)
FN:17,(anonymous_3)
FN:21,(anonymous_4)
FN:25,(anonymous_5)
FNF:6
FNH:6
FNDA:4,(anonymous_0)
FNDA:4,(anonymous_1)
FNDA:1,(anonymous_2)
FNDA:1,(anonymous_3)
FNDA:1,(anonymous_4)
FNDA:2,(anonymous_5)
DA:7,4
DA:8,4
DA:13,4
DA:14,1
DA:17,4
DA:18,1
DA:21,4
DA:22,1
DA:25,4
DA:26,2
DA:32,4
LF:11
LH:11
BRF:0
BRH:0
end_of_record
TN:
SF:src/utils/AppError.js
FN:3,(anonymous_0)
FN:12,(anonymous_1)
FN:16,(anonymous_2)
FN:20,(anonymous_3)
FN:24,(anonymous_4)
FN:28,(anonymous_5)
FN:32,(anonymous_6)
FN:36,(anonymous_7)
FNF:8
FNH:8
FNDA:51,(anonymous_0)
FNDA:16,(anonymous_1)
FNDA:9,(anonymous_2)
FNDA:3,(anonymous_3)
FNDA:7,(anonymous_4)
FNDA:11,(anonymous_5)
FNDA:2,(anonymous_6)
FNDA:2,(anonymous_7)
DA:4,51
DA:5,51
DA:6,51
DA:7,51
DA:8,51
DA:13,16
DA:17,9
DA:21,3
DA:25,7
DA:29,11
DA:33,2
DA:37,2
LF:12
LH:12
BRDA:6,0,0,2
BRDA:6,0,1,49
BRDA:12,1,0,1
BRDA:16,2,0,1
BRDA:20,3,0,1
BRDA:24,4,0,1
BRDA:28,5,0,1
BRDA:32,6,0,1
BRDA:36,7,0,1
BRF:9
BRH:9
end_of_record
TN:
SF:src/utils/pagination.js
FN:5,(anonymous_0)
FN:14,(anonymous_1)
FN:28,(anonymous_2)
FNF:3
FNH:3
FNDA:19,(anonymous_0)
FNDA:20,(anonymous_1)
FNDA:17,(anonymous_2)
DA:5,5
DA:6,19
DA:7,19
DA:8,19
DA:9,19
DA:14,5
DA:15,20
DA:16,5
DA:17,5
DA:18,6
DA:19,6
DA:20,6
DA:21,6
DA:22,6
DA:24,5
DA:28,5
DA:29,17
DA:30,17
DA:31,3
DA:33,17
DA:37,17
LF:21
LH:21
BRDA:5,0,0,19
BRDA:5,1,0,19
BRDA:5,2,0,19
BRDA:6,3,0,19
BRDA:6,3,1,14
BRDA:7,4,0,19
BRDA:7,4,1,13
BRDA:14,5,0,1
BRDA:14,6,0,16
BRDA:15,7,0,15
BRDA:15,7,1,5
BRDA:19,8,0,0
BRDA:19,8,1,6
BRDA:20,9,0,3
BRDA:20,9,1,3
BRDA:22,10,0,5
BRDA:22,10,1,1
BRDA:24,11,0,4
BRDA:24,11,1,1
BRDA:28,12,0,0
BRDA:30,13,0,2
BRDA:30,13,1,15
BRF:22
BRH:20
end_of_record
TN:
SF:src/validators/client.validator.js
FN:18,(anonymous_0)
FNF:1
FNH:1
FNDA:1,(anonymous_0)
DA:4,4
DA:12,4
DA:18,1
DA:24,4
LF:4
LH:4
BRF:0
BRH:0
end_of_record
TN:
SF:src/validators/deliverynote.validator.js
FNF:0
FNH:0
DA:4,4
DA:8,4
DA:13,4
DA:23,4
DA:31,4
DA:39,4
DA:45,4
LF:7
LH:7
BRF:0
BRH:0
end_of_record
TN:
SF:src/validators/project.validator.js
FN:23,(anonymous_0)
FNF:1
FNH:0
FNDA:0,(anonymous_0)
DA:4,4
DA:8,4
DA:16,4
DA:23,0
DA:30,4
LF:5
LH:4
BRF:0
BRH:0
end_of_record
TN:
SF:src/validators/user.validator.js
FN:9,(anonymous_0)
FN:28,(anonymous_1)
FN:78,(anonymous_2)
FN:88,(anonymous_3)
FNF:4
FNH:4
FNDA:3,(anonymous_0)
FNDA:7,(anonymous_1)
FNDA:3,(anonymous_2)
FNDA:2,(anonymous_3)
DA:5,4
DA:9,3
DA:16,4
DA:24,4
DA:28,7
DA:35,4
DA:43,4
DA:51,4
DA:56,4
DA:64,4
DA:71,4
DA:78,3
DA:84,4
DA:88,2
DA:94,4
LF:15
LH:15
BRF:0
BRH:0
end_of_record
